➜  vonder-token git:(master) truffle deploy --network bitkubMainnet

Compiling your contracts...
===========================
> Compiling ./contracts/Migration.sol
> Compiling ./contracts/VonderToken.sol
> Compiling @pancakeswap/pancake-swap-lib/contracts/GSN/Context.sol
> Compiling @pancakeswap/pancake-swap-lib/contracts/access/Ownable.sol
> Compiling @pancakeswap/pancake-swap-lib/contracts/math/SafeMath.sol
> Compiling @pancakeswap/pancake-swap-lib/contracts/token/BEP20/BEP20.sol
> Compiling @pancakeswap/pancake-swap-lib/contracts/token/BEP20/IBEP20.sol
> Compiling @pancakeswap/pancake-swap-lib/contracts/utils/Address.sol
> Compilation warnings encountered:

    /Users/aq1/Desktop/v.swap/vonder-token/contracts/VonderToken.sol: Warning: SPDX license identifier not provided in source file. Before publishing, consider adding a comment containing "SPDX-License-Identifier: <SPDX-License>" to each source file. Use "SPDX-License-Identifier: UNLICENSED" for non-open-source code. Please see https://spdx.org for more information.
,/Users/aq1/Desktop/v.swap/vonder-token/contracts/VonderToken.sol:19:5: Warning: Documentation tag on non-public state variables will be disallowed in 0.7.0. You will need to use the @dev tag explicitly.
    /// @notice A record of each accounts delegate
    ^--------------------------------------------^

> Artifacts written to /Users/aq1/Desktop/v.swap/vonder-token/build/contracts
> Compiled successfully using:
   - solc: 0.6.12+commit.27d51765.Emscripten.clang



Starting migrations...
======================
> Network name:    'bitkubMainnet'
> Network id:      96
> Block gas limit: 60000000 (0x3938700)


1_initial_migration.js
======================

   Deploying 'Migrations'
   ----------------------
   > transaction hash:    0x10dbfa5cff92df5b98694a95acb9efb4012d843c5f8fea6724cf06bc8c091444
   > Blocks: 2            Seconds: 9
   > contract address:    0x1a765C77118b7Eb58381dc2e51A88b4515cAAe2c
   > block number:        374090
   > block timestamp:     1622176345
   > account:             0x4D2159FF4c2250AfbB839eeB7DD50A94b2Df1A67
   > balance:             7.3916802
   > gas used:            129186 (0x1f8a2)
   > gas price:           50 gwei
   > value sent:          0 ETH
   > total cost:          0.0064593 ETH


   > Saving migration to chain.
   > Saving artifacts
   -------------------------------------
   > Total cost:           0.0064593 ETH


2_deploy_von_token.js
=====================

   Deploying 'VonderToken'
   -----------------------
   > transaction hash:    0xb6947c549bf5dbddded1f9bc8cc63e26d5f2063e4da76731731ec132ef6d92d9
   > Blocks: 1            Seconds: 9
   > contract address:    0x9a42E422e27360eb7f54e0232a9f26DA5e694FC7
   > block number:        374095
   > block timestamp:     1622176370
   > account:             0x4D2159FF4c2250AfbB839eeB7DD50A94b2Df1A67
   > balance:             7.30627095
   > gas used:            1665919 (0x196b7f)
   > gas price:           50 gwei
   > value sent:          0 ETH
   > total cost:          0.08329595 ETH

VonderToken: 0x9a42E422e27360eb7f54e0232a9f26DA5e694FC7

   > Saving migration to chain.
   > Saving artifacts
   -------------------------------------
   > Total cost:          0.08329595 ETH


Summary
=======
> Total deployments:   2
> Final cost:          0.08975525 ETH